<?xml version="1.0" encoding="UTF-8"?>
<!-- Generated by org.testng.reporters.JUnitReportReporter -->
<testsuite hostname="DESKTOP-B259833" failures="0" tests="4" name="com.todos.tests.AutentificateTests" time="23.744" errors="0" timestamp="9 Jan 2023 18:07:32 GMT">
  <testcase classname="com.todos.tests.AutentificateTests" name="loginWithInValidCredentiels" time="5.059"/>
  <testcase classname="com.todos.tests.AutentificateTests" name="loginWithValidCredentiels" time="6.349"/>
  <testcase classname="com.todos.tests.AutentificateTests" name="loginWithInValidCredentiels" time="5.242"/>
  <testcase classname="com.todos.tests.AutentificateTests" name="loginWithInValidCredentiels" time="7.094"/>
</testsuite> <!-- com.todos.tests.AutentificateTests -->
