<?xml version="1.0" encoding="UTF-8"?>
<!-- Generated by org.testng.reporters.JUnitReportReporter -->
<testsuite hostname="DESKTOP-B259833" failures="0" tests="4" name="com.todos.tests.AutantificateTests" time="27.979" errors="0" timestamp="9 Jan 2023 18:06:08 GMT">
  <testcase classname="com.todos.tests.AutantificateTests" name="loginWithValidCredentiels" time="8.144"/>
  <testcase classname="com.todos.tests.AutantificateTests" name="loginWithInValidCredentiels" time="9.393"/>
  <testcase classname="com.todos.tests.AutantificateTests" name="loginWithInValidCredentiels" time="5.721"/>
  <testcase classname="com.todos.tests.AutantificateTests" name="loginWithInValidCredentiels" time="4.721"/>
</testsuite> <!-- com.todos.tests.AutantificateTests -->
